<?xml version="1.0" encoding="UTF-8"?>
<!-- Generated by org.testng.reporters.JUnitXMLReporter -->
<testsuite ignored="0" hostname="RizwanA_DSG" failures="0" tests="9" name="Regression suite 1" time="129.793" errors="0" timestamp="2022-07-24T23:14:02 IST">
  <testcase classname="TestScenarios.TC_001_NTBLeadCreation" name="CreateNewLead" time="16.773"/>
  <testcase classname="TestScenarios.TC_001_NTBLeadCreation" name="CreateNewLead1" time="34.927"/>
  <testcase classname="TestScenarios.TC_001_NTBLeadCreation" name="TestToPass" time="0.004"/>
  <testcase classname="TestScenarios.TC_003_NTBDocsCollectionEmployed" name="CreateNewLeadCollEmp" time="13.845"/>
  <testcase classname="TestScenarios.TC_003_NTBDocsCollectionEmployed" name="CreateNewLeadCollEmp1" time="36.082"/>
  <testcase classname="TestScenarios.TC_003_NTBDocsCollectionEmployed" name="CreateNewLeadCollEmp2" time="4.511"/>
  <testcase classname="TestScenarios.TC_003_NTBDocsCollectionEmployed" name="CreateNewLeadCollEmp3" time="11.341"/>
  <testcase classname="TestScenarios.TC_003_NTBDocsCollectionEmployed" name="CreateNewLeadCollEmp4" time="8.979"/>
  <testcase classname="TestScenarios.TC_003_NTBDocsCollectionEmployed" name="TestToPass" time="0.001"/>
</testsuite> <!-- Regression suite 1 -->
