<?xml version="1.0" encoding="UTF-8"?>
<testng-results ignored="0" total="1" passed="1" failed="0" skipped="0">
  <reporter-output>
    <line>
      <![CDATA[Enter UserName]]>
    </line>
    <line>
      <![CDATA[Enter Password]]>
    </line>
  </reporter-output>
  <suite started-at="2022-11-07T15:50:44 IST" name="Default suite" finished-at="2022-11-07T15:51:47 IST" duration-ms="62573">
    <groups>
    </groups>
    <test started-at="2022-11-07T15:50:44 IST" name="Default test" finished-at="2022-11-07T15:51:47 IST" duration-ms="62573">
      <class name="TestScenarios.TC_007_CaseAccountBalanceComputation">
        <test-method is-config="true" signature="launchBrowser()[pri:0, instance:TestScenarios.TC_007_CaseAccountBalanceComputation@3c7f66c4]" started-at="2022-11-07T15:50:44 IST" name="launchBrowser" finished-at="2022-11-07T15:50:47 IST" duration-ms="2861" status="PASS">
          <reporter-output>
          </reporter-output>
        </test-method> <!-- launchBrowser -->
        <test-method signature="CreateNewLead()[pri:1, instance:TestScenarios.TC_007_CaseAccountBalanceComputation@3c7f66c4]" started-at="2022-11-07T15:50:47 IST" name="CreateNewLead" finished-at="2022-11-07T15:51:47 IST" duration-ms="59436" status="PASS">
          <reporter-output>
            <line>
              <![CDATA[Enter UserName]]>
            </line>
            <line>
              <![CDATA[Enter Password]]>
            </line>
          </reporter-output>
        </test-method> <!-- CreateNewLead -->
        <test-method is-config="true" signature="QuiteBrowser()[pri:0, instance:TestScenarios.TC_007_CaseAccountBalanceComputation@3c7f66c4]" started-at="2022-11-07T15:51:47 IST" name="QuiteBrowser" finished-at="2022-11-07T15:51:47 IST" duration-ms="250" status="PASS">
          <reporter-output>
          </reporter-output>
        </test-method> <!-- QuiteBrowser -->
      </class> <!-- TestScenarios.TC_007_CaseAccountBalanceComputation -->
    </test> <!-- Default test -->
  </suite> <!-- Default suite -->
</testng-results>
